\BOOKMARK [0][-]{chapter*.2}{Lista de Figuras}{}% 1
\BOOKMARK [0][-]{chapter*.3}{Lista de Tabelas}{}% 2
\BOOKMARK [0][-]{chapter*.4}{Lista de S\355mbolos}{}% 3
\BOOKMARK [0][-]{chapter*.5}{Lista de Abreviaturas}{}% 4
\BOOKMARK [0][-]{chapter.1}{Introdu\347\343o}{}% 5
\BOOKMARK [1][-]{section.1.1}{Contextualiza\347\343o}{chapter.1}% 6
\BOOKMARK [1][-]{section.1.2}{Objetivos}{chapter.1}% 7
\BOOKMARK [2][-]{subsection.1.2.1}{Objetivos Gerais}{section.1.2}% 8
\BOOKMARK [2][-]{subsection.1.2.2}{Objetivos Espec\355ficos}{section.1.2}% 9
\BOOKMARK [1][-]{section.1.3}{Metodologia}{chapter.1}% 10
\BOOKMARK [1][-]{section.1.4}{Estrutura da proposta}{chapter.1}% 11
\BOOKMARK [1][-]{section.1.5}{Considera\347\365es finais}{chapter.1}% 12
\BOOKMARK [0][-]{chapter.2}{Estado da Arte}{}% 13
\BOOKMARK [1][-]{section.2.1}{Revis\343o bibliogr\341fica}{chapter.2}% 14
\BOOKMARK [1][-]{section.2.2}{Considera\347\365es finais}{chapter.2}% 15
\BOOKMARK [0][-]{chapter.3}{Fundamenta\347\343o Te\363rica}{}% 16
\BOOKMARK [1][-]{section.3.1}{Despacho de energia}{chapter.3}% 17
\BOOKMARK [1][-]{section.3.2}{Programa\347\343o Din\342mica Dual Estoc\341stica}{chapter.3}% 18
\BOOKMARK [1][-]{section.3.3}{Considera\347\365es finais}{chapter.3}% 19
\BOOKMARK [0][-]{chapter.4}{Resultados Parciais}{}% 20
\BOOKMARK [1][-]{section.4.1}{Considera\347\365es finais}{chapter.4}% 21
\BOOKMARK [0][-]{chapter.5}{Proposta da Disserta\347\343o}{}% 22
\BOOKMARK [0][-]{chapter*.23}{Cronograma de atividades}{}% 23
\BOOKMARK [0][-]{chapter*.25}{Refer\352ncias Bibliogr\341ficas}{}% 24
\BOOKMARK [0][-]{appendix.A}{Tabelas das simula\347\365es}{}% 25
