This is pdfTeX, Version 3.14159265-2.6-1.40.17 (TeX Live 2016/Debian) (preloaded format=pdflatex 2018.12.10)  28 OCT 2019 17:58
entering extended mode
 restricted \write18 enabled.
 %&-line parsing enabled.
**jeffersonartigo.tex
(./jeffersonartigo.tex
LaTeX2e <2017/01/01> patch level 3
Babel <3.9r> and hyphenation patterns for 83 language(s) loaded.
(/usr/share/texlive/texmf-dist/tex/latex/base/article.cls
Document Class: article 2014/09/29 v1.4h Standard LaTeX document class
(/usr/share/texlive/texmf-dist/tex/latex/base/fleqn.clo
File: fleqn.clo 2016/12/29 v1.2a Standard LaTeX option (flush left equations)
\mathindent=\dimen102
Applying: [2015/01/01] Make \[ robust on input line 50.
LaTeX Info: Redefining \[ on input line 51.
Already applied: [0000/00/00] Make \[ robust on input line 62.
Applying: [2015/01/01] Make \] robust on input line 74.
LaTeX Info: Redefining \] on input line 75.
Already applied: [0000/00/00] Make \] robust on input line 83.
)
(/usr/share/texlive/texmf-dist/tex/latex/base/size12.clo
File: size12.clo 2014/09/29 v1.4h Standard LaTeX file (size option)
)
\c@part=\count79
\c@section=\count80
\c@subsection=\count81
\c@subsubsection=\count82
\c@paragraph=\count83
\c@subparagraph=\count84
\c@figure=\count85
\c@table=\count86
\abovecaptionskip=\skip41
\belowcaptionskip=\skip42
\bibindent=\dimen103
)
(/usr/share/texlive/texmf-dist/tex/generic/babel/babel.sty
Package: babel 2016/04/23 3.9r The Babel package

(/usr/share/texlive/texmf-dist/tex/generic/babel-portuges/portuges.ldf
Language: portuges 2008/03/18 v1.2q Portuguese support from the babel system

(/usr/share/texlive/texmf-dist/tex/generic/babel/babel.def
File: babel.def 2016/04/23 3.9r Babel common definitions
\babel@savecnt=\count87
\U@D=\dimen104
)
Package babel Info: Making " an active character on input line 145.
))

! LaTeX Error: File `xiiiemc.sty' not found.

Type X to quit or <RETURN> to proceed,
or enter new name. (Default extension: sty)

Enter file name: 
(/usr/share/texlive/texmf-dist/tex/latex/natbib/natbib.sty
Package: natbib 2010/09/13 8.31b (PWD, AO)
\bibhang=\skip43
\bibsep=\skip44
LaTeX Info: Redefining \cite on input line 694.
\c@NAT@ctr=\count88
)
(/usr/share/texlive/texmf-dist/tex/latex/amsfonts/amsfonts.sty
Package: amsfonts 2013/01/14 v3.01 Basic AMSFonts support
\@emptytoks=\toks14
\symAMSa=\mathgroup4
\symAMSb=\mathgroup5
LaTeX Font Info:    Overwriting math alphabet `\mathfrak' in version `bold'
(Font)                  U/euf/m/n --> U/euf/b/n on input line 106.
)
(/usr/share/texlive/texmf-dist/tex/latex/amsmath/amsmath.sty
Package: amsmath 2016/11/05 v2.16a AMS math features
\@mathmargin=\skip45

For additional information on amsmath, use the `?' option.
(/usr/share/texlive/texmf-dist/tex/latex/amsmath/amstext.sty
Package: amstext 2000/06/29 v2.01 AMS text

(/usr/share/texlive/texmf-dist/tex/latex/amsmath/amsgen.sty
File: amsgen.sty 1999/11/30 v2.0 generic functions
\@emptytoks=\toks15
\ex@=\dimen105
))
(/usr/share/texlive/texmf-dist/tex/latex/amsmath/amsbsy.sty
Package: amsbsy 1999/11/29 v1.2d Bold Symbols
\pmbraise@=\dimen106
)
(/usr/share/texlive/texmf-dist/tex/latex/amsmath/amsopn.sty
Package: amsopn 2016/03/08 v2.02 operator names
)
\inf@bad=\count89
LaTeX Info: Redefining \frac on input line 213.
\uproot@=\count90
\leftroot@=\count91
LaTeX Info: Redefining \overline on input line 375.
\classnum@=\count92
\DOTSCASE@=\count93
LaTeX Info: Redefining \ldots on input line 472.
LaTeX Info: Redefining \dots on input line 475.
LaTeX Info: Redefining \cdots on input line 596.
\Mathstrutbox@=\box26
\strutbox@=\box27
\big@size=\dimen107
LaTeX Font Info:    Redeclaring font encoding OML on input line 712.
LaTeX Font Info:    Redeclaring font encoding OMS on input line 713.
\macc@depth=\count94
\c@MaxMatrixCols=\count95
\dotsspace@=\muskip10
\c@parentequation=\count96
\dspbrk@lvl=\count97
\tag@help=\toks16
\row@=\count98
\column@=\count99
\maxfields@=\count100
\andhelp@=\toks17
\eqnshift@=\dimen108
\alignsep@=\dimen109
\tagshift@=\dimen110
\tagwidth@=\dimen111
\totwidth@=\dimen112
\lineht@=\dimen113
\@envbody=\toks18
\multlinegap=\skip46
\multlinetaggap=\skip47
\mathdisplay@stack=\toks19
LaTeX Info: Redefining \[ on input line 2817.
LaTeX Info: Redefining \] on input line 2818.
)
(/usr/share/texlive/texmf-dist/tex/latex/mathtools/mathtools.sty
Package: mathtools 2015/11/12 v1.18 mathematical typesetting tools

(/usr/share/texlive/texmf-dist/tex/latex/graphics/keyval.sty
Package: keyval 2014/10/28 v1.15 key=value parser (DPC)
\KV@toks@=\toks20
)
(/usr/share/texlive/texmf-dist/tex/latex/tools/calc.sty
Package: calc 2014/10/28 v4.3 Infix arithmetic (KKT,FJ)
\calc@Acount=\count101
\calc@Bcount=\count102
\calc@Adimen=\dimen114
\calc@Bdimen=\dimen115
\calc@Askip=\skip48
\calc@Bskip=\skip49
LaTeX Info: Redefining \setlength on input line 80.
LaTeX Info: Redefining \addtolength on input line 81.
\calc@Ccount=\count103
\calc@Cskip=\skip50
)
(/usr/share/texlive/texmf-dist/tex/latex/mathtools/mhsetup.sty
Package: mhsetup 2010/01/21 v1.2a programming setup (MH)
)
LaTeX Info: Thecontrolsequence`\('isalreadyrobust on input line 129.
LaTeX Info: Thecontrolsequence`\)'isalreadyrobust on input line 129.
LaTeX Info: Thecontrolsequence`\['isalreadyrobust on input line 129.
LaTeX Info: Thecontrolsequence`\]'isalreadyrobust on input line 129.
\g_MT_multlinerow_int=\count104
\l_MT_multwidth_dim=\dimen116
\origjot=\skip51
\l_MT_shortvdotswithinadjustabove_dim=\dimen117
\l_MT_shortvdotswithinadjustbelow_dim=\dimen118
\l_MT_above_intertext_sep=\dimen119
\l_MT_below_intertext_sep=\dimen120
\l_MT_above_shortintertext_sep=\dimen121
\l_MT_below_shortintertext_sep=\dimen122
)
(/usr/share/texlive/texmf-dist/tex/latex/fancyhdr/fancyhdr.sty
Package: fancyhdr 2016/09/06 3.8 Extensive control of page headers and footers
\fancy@headwidth=\skip52
\f@ncyO@elh=\skip53
\f@ncyO@erh=\skip54
\f@ncyO@olh=\skip55
\f@ncyO@orh=\skip56
\f@ncyO@elf=\skip57
\f@ncyO@erf=\skip58
\f@ncyO@olf=\skip59
\f@ncyO@orf=\skip60
)
(/usr/share/texlive/texmf-dist/tex/latex/graphics/color.sty
Package: color 2016/07/10 v1.1e Standard LaTeX Color (DPC)

(/usr/share/texlive/texmf-dist/tex/latex/graphics-cfg/color.cfg
File: color.cfg 2016/01/02 v1.6 sample color configuration
)
Package color Info: Driver file: pdftex.def on input line 147.

(/usr/share/texlive/texmf-dist/tex/latex/graphics-def/pdftex.def
File: pdftex.def 2017/01/12 v0.06k Graphics/color for pdfTeX

(/usr/share/texlive/texmf-dist/tex/generic/oberdiek/infwarerr.sty
Package: infwarerr 2016/05/16 v1.4 Providing info/warning/error messages (HO)
)
(/usr/share/texlive/texmf-dist/tex/generic/oberdiek/ltxcmds.sty
Package: ltxcmds 2016/05/16 v1.23 LaTeX kernel commands for general use (HO)
)
\Gread@gobject=\count105
))
(/usr/share/texlive/texmf-dist/tex/latex/wallpaper/wallpaper.sty
Package: wallpaper 2005/01/18, v1.01 easy wallpaper formatting (MHFW)

(/usr/share/texlive/texmf-dist/tex/latex/base/ifthen.sty
Package: ifthen 2014/09/29 v1.1c Standard LaTeX ifthen package (DPC)
)
(/usr/share/texlive/texmf-dist/tex/latex/eso-pic/eso-pic.sty
Package: eso-pic 2015/07/21 v2.0g eso-pic (RN)

(/usr/share/texlive/texmf-dist/tex/generic/oberdiek/atbegshi.sty
Package: atbegshi 2016/06/09 v1.18 At begin shipout hook (HO)

(/usr/share/texlive/texmf-dist/tex/generic/oberdiek/ifpdf.sty
Package: ifpdf 2016/05/14 v3.1 Provides the ifpdf switch
)))
(/usr/share/texlive/texmf-dist/tex/latex/graphics/graphicx.sty
Package: graphicx 2014/10/28 v1.0g Enhanced LaTeX Graphics (DPC,SPQR)

(/usr/share/texlive/texmf-dist/tex/latex/graphics/graphics.sty
Package: graphics 2016/10/09 v1.0u Standard LaTeX Graphics (DPC,SPQR)

(/usr/share/texlive/texmf-dist/tex/latex/graphics/trig.sty
Package: trig 2016/01/03 v1.10 sin cos tan (DPC)
)
(/usr/share/texlive/texmf-dist/tex/latex/graphics-cfg/graphics.cfg
File: graphics.cfg 2016/06/04 v1.11 sample graphics configuration
)
Package graphics Info: Driver file: pdftex.def on input line 99.
)
\Gin@req@height=\dimen123
\Gin@req@width=\dimen124
)
\wpXoffset=\skip61
\wpYoffset=\skip62
\tileXoffset=\skip63
\tileYoffset=\skip64
\tilewidth=\skip65
\tileheight=\skip66
\tileX=\skip67
\tileY=\skip68
)
(/usr/share/texlive/texmf-dist/tex/latex/titlesec/titlesec.sty
Package: titlesec 2016/03/21 v2.10.2 Sectioning titles
\ttl@box=\box28
\beforetitleunit=\skip69
\aftertitleunit=\skip70
\ttl@plus=\dimen125
\ttl@minus=\dimen126
\ttl@toksa=\toks21
\titlewidth=\dimen127
\titlewidthlast=\dimen128
\titlewidthfirst=\dimen129
)
(/usr/share/texlive/texmf-dist/tex/latex/float/float.sty
Package: float 2001/11/08 v1.3d Float enhancements (AL)
\c@float@type=\count106
\float@exts=\toks22
\float@box=\box29
\@float@everytoks=\toks23
\@floatcapt=\box30
)
(/usr/share/texlive/texmf-dist/tex/latex/listings/listings.sty
\lst@mode=\count107
\lst@gtempboxa=\box31
\lst@token=\toks24
\lst@length=\count108
\lst@currlwidth=\dimen130
\lst@column=\count109
\lst@pos=\count110
\lst@lostspace=\dimen131
\lst@width=\dimen132
\lst@newlines=\count111
\lst@lineno=\count112
\lst@maxwidth=\dimen133

(/usr/share/texlive/texmf-dist/tex/latex/listings/lstmisc.sty
File: lstmisc.sty 2015/06/04 1.6 (Carsten Heinz)
\c@lstnumber=\count113
\lst@skipnumbers=\count114
\lst@framebox=\box32
)
(/usr/share/texlive/texmf-dist/tex/latex/listings/listings.cfg
File: listings.cfg 2015/06/04 1.6 listings configuration
))
Package: listings 2015/06/04 1.6 (Carsten Heinz)

(/usr/share/texlive/texmf-dist/tex/latex/oberdiek/listingsutf8.sty
Package: listingsutf8 2016/05/16 v1.3 Allow UTF-8 in listings input (HO)

(/usr/share/texlive/texmf-dist/tex/generic/oberdiek/pdftexcmds.sty
Package: pdftexcmds 2016/05/21 v0.22 Utility functions of pdfTeX for LuaTeX (HO
)

(/usr/share/texlive/texmf-dist/tex/generic/oberdiek/ifluatex.sty
Package: ifluatex 2016/05/16 v1.4 Provides the ifluatex switch (HO)
Package ifluatex Info: LuaTeX not detected.
)
Package pdftexcmds Info: LuaTeX not detected.
Package pdftexcmds Info: \pdf@primitive is available.
Package pdftexcmds Info: \pdf@ifprimitive is available.
Package pdftexcmds Info: \pdfdraftmode found.
)
(/usr/share/texlive/texmf-dist/tex/generic/oberdiek/stringenc.sty
Package: stringenc 2016/05/16 v1.11 Convert strings between diff. encodings (HO
)

(/usr/share/texlive/texmf-dist/tex/generic/oberdiek/pdfescape.sty
Package: pdfescape 2016/05/16 v1.14 Implements pdfTeX's escape features (HO)
)))
(/usr/share/texlive/texmf-dist/tex/latex/siunitx/siunitx.sty
(/usr/share/texlive/texmf-dist/tex/latex/l3kernel/expl3.sty
Package: expl3 2016/11/21 v6760 L3 programming layer (loader) 

(/usr/share/texlive/texmf-dist/tex/latex/l3kernel/expl3-code.tex
Package: expl3 2016/11/21 v6760 L3 programming layer (code)
L3 Module: l3bootstrap 2016/06/13 v6596 L3 Bootstrap code
L3 Module: l3names 2016/10/13 v6722 L3 Namespace for primitives
L3 Module: l3basics 2016/09/01 v6696 L3 Basic definitions
L3 Module: l3expan 2016/08/19 v6684 L3 Argument expansion
L3 Module: l3tl 2016/08/19 v6692 L3 Token lists
L3 Module: l3str 2016/08/19 v6692 L3 Strings
L3 Module: l3seq 2016/08/19 v6685 L3 Sequences and stacks
L3 Module: l3int 2016/09/07 v6700 L3 Integers
\c_max_int=\count115
\l_tmpa_int=\count116
\l_tmpb_int=\count117
\g_tmpa_int=\count118
\g_tmpb_int=\count119
L3 Module: l3quark 2016/08/19 v6685 L3 Quarks
L3 Module: l3prg 2016/08/18 v6679 L3 Control structures
\g__prg_map_int=\count120
L3 Module: l3clist 2016/08/19 v6685 L3 Comma separated lists
L3 Module: l3token 2016/09/01 v6695 L3 Experimental token manipulation
L3 Module: l3prop 2016/08/19 v6685 L3 Property lists
L3 Module: l3msg 2016/08/19 v6691 L3 Messages
L3 Module: l3file 2016/08/19 v6685 L3 File and I/O operations
\l_iow_line_count_int=\count121
\l__iow_target_count_int=\count122
\l__iow_current_line_int=\count123
\l__iow_current_word_int=\count124
\l__iow_current_indentation_int=\count125
L3 Module: l3skip 2016/08/19 v6692 L3 Dimensions and skips
\c_zero_dim=\dimen134
\c_max_dim=\dimen135
\l_tmpa_dim=\dimen136
\l_tmpb_dim=\dimen137
\g_tmpa_dim=\dimen138
\g_tmpb_dim=\dimen139
\c_zero_skip=\skip71
\c_max_skip=\skip72
\l_tmpa_skip=\skip73
\l_tmpb_skip=\skip74
\g_tmpa_skip=\skip75
\g_tmpb_skip=\skip76
\c_zero_muskip=\muskip11
\c_max_muskip=\muskip12
\l_tmpa_muskip=\muskip13
\l_tmpb_muskip=\muskip14
\g_tmpa_muskip=\muskip15
\g_tmpb_muskip=\muskip16
L3 Module: l3keys 2016/09/21 v6711 L3 Key-value interfaces
\l_keys_choice_int=\count126
L3 Module: l3fp 2016/11/21 v6761 L3 Floating points
\c__fp_leading_shift_int=\count127
\c__fp_middle_shift_int=\count128
\c__fp_trailing_shift_int=\count129
\c__fp_big_leading_shift_int=\count130
\c__fp_big_middle_shift_int=\count131
\c__fp_big_trailing_shift_int=\count132
\c__fp_Bigg_leading_shift_int=\count133
\c__fp_Bigg_middle_shift_int=\count134
\c__fp_Bigg_trailing_shift_int=\count135
L3 Module: l3box 2016/08/19 v6685 L3 Experimental boxes
\c_empty_box=\box33
\l_tmpa_box=\box34
\l_tmpb_box=\box35
\g_tmpa_box=\box36
\g_tmpb_box=\box37
L3 Module: l3coffins 2016/08/19 v6685 L3 Coffin code layer
\l__coffin_internal_box=\box38
\l__coffin_internal_dim=\dimen140
\l__coffin_offset_x_dim=\dimen141
\l__coffin_offset_y_dim=\dimen142
\l__coffin_x_dim=\dimen143
\l__coffin_y_dim=\dimen144
\l__coffin_x_prime_dim=\dimen145
\l__coffin_y_prime_dim=\dimen146
\c_empty_coffin=\box39
\l__coffin_aligned_coffin=\box40
\l__coffin_aligned_internal_coffin=\box41
\l_tmpa_coffin=\box42
\l_tmpb_coffin=\box43
\l__coffin_display_coffin=\box44
\l__coffin_display_coord_coffin=\box45
\l__coffin_display_pole_coffin=\box46
\l__coffin_display_offset_dim=\dimen147
\l__coffin_display_x_dim=\dimen148
\l__coffin_display_y_dim=\dimen149
L3 Module: l3color 2016/06/13 v6596 L3 Experimental color support
L3 Module: l3sys 2015/09/25 v6087 L3 Experimental system/runtime functions
L3 Module: l3candidates 2016/08/19 v6688 L3 Experimental additions to l3kernel
\l__box_top_dim=\dimen150
\l__box_bottom_dim=\dimen151
\l__box_left_dim=\dimen152
\l__box_right_dim=\dimen153
\l__box_top_new_dim=\dimen154
\l__box_bottom_new_dim=\dimen155
\l__box_left_new_dim=\dimen156
\l__box_right_new_dim=\dimen157
\l__box_internal_box=\box47
\l__coffin_bounding_shift_dim=\dimen158
\l__coffin_left_corner_dim=\dimen159
\l__coffin_right_corner_dim=\dimen160
\l__coffin_bottom_corner_dim=\dimen161
\l__coffin_top_corner_dim=\dimen162
\l__coffin_scaled_total_height_dim=\dimen163
\l__coffin_scaled_width_dim=\dimen164
L3 Module: l3luatex 2016/08/18 v6679 L3 Experimental LuaTeX-specific functions
)
(/usr/share/texlive/texmf-dist/tex/latex/l3kernel/l3pdfmode.def
File: l3pdfmode.def 2016/08/18 v6679 L3 Experimental driver: PDF mode
\l__driver_color_stack_int=\count136
\l__driver_tmp_box=\box48
))
(/usr/share/texlive/texmf-dist/tex/latex/l3packages/xparse/xparse.sty
Package: xparse 2016/11/21 v6760 L3 Experimental document command parser
\l__xparse_current_arg_int=\count137
\l__xparse_m_args_int=\count138
\l__xparse_mandatory_args_int=\count139
\l__xparse_processor_int=\count140
\l__xparse_v_nesting_int=\count141
)
Package: siunitx 2017/01/01 v2.7a A comprehensive (SI) units package

(/usr/share/texlive/texmf-dist/tex/latex/tools/array.sty
Package: array 2016/10/06 v2.4d Tabular extension package (FMi)
\col@sep=\dimen165
\extrarowheight=\dimen166
\NC@list=\toks25
\extratabsurround=\skip77
\backup@length=\skip78
)
(/usr/share/texlive/texmf-dist/tex/latex/l3packages/l3keys2e/l3keys2e.sty
Package: l3keys2e 2016/11/21 v6760 LaTeX2e option processing using LaTeX3 keys
)
\l__siunitx_tmp_box=\box49
\l__siunitx_tmp_dim=\dimen167
\l__siunitx_tmp_int=\count142
\l__siunitx_number_mantissa_length_int=\count143
\l__siunitx_number_uncert_length_int=\count144
\l__siunitx_round_int=\count145
\l__siunitx_process_decimal_int=\count146
\l__siunitx_process_uncertainty_int=\count147
\l__siunitx_process_fixed_int=\count148
\l__siunitx_process_integer_min_int=\count149
\l__siunitx_process_precision_int=\count150
\l__siunitx_group_min_int=\count151
\l__siunitx_angle_marker_box=\box50
\l__siunitx_angle_unit_box=\box51
\l__siunitx_angle_marker_dim=\dimen168
\l__siunitx_angle_unit_dim=\dimen169
\l__siunitx_unit_int=\count152
\l__siunitx_unit_denominator_int=\count153
\l__siunitx_unit_numerator_int=\count154
\l__siunitx_unit_prefix_int=\count155
\l__siunitx_unit_prefix_base_int=\count156
\l__siunitx_unit_prefix_gram_int=\count157
\l__siunitx_number_product_int=\count158
\c__siunitx_one_fill_skip=\skip79
\l__siunitx_table_unit_align_skip=\skip80
\l__siunitx_table_exponent_dim=\dimen170
\l__siunitx_table_integer_dim=\dimen171
\l__siunitx_table_mantissa_dim=\dimen172
\l__siunitx_table_marker_dim=\dimen173
\l__siunitx_table_result_dim=\dimen174
\l__siunitx_table_uncert_dim=\dimen175
\l__siunitx_table_fill_pre_dim=\dimen176
\l__siunitx_table_fill_post_dim=\dimen177
\l__siunitx_table_fill_mid_dim=\dimen178
\l__siunitx_table_pre_box=\box52
\l__siunitx_table_post_box=\box53
\l__siunitx_table_mantissa_box=\box54
\l__siunitx_table_result_box=\box55
\l__siunitx_table_number_align_skip=\skip81
\l__siunitx_table_text_align_skip=\skip82
.................................................
. LaTeX info: "xparse/define-command"
. 
. Defining command \DeclareBinaryPrefix with sig. 'mmm' on line 7249.
.................................................
.................................................
. LaTeX info: "xparse/define-command"
. 
. Defining command \DeclareSIPostPower with sig. 'mm' on line 7252.
.................................................
.................................................
. LaTeX info: "xparse/define-command"
. 
. Defining command \DeclareSIPrefix with sig. 'mmm' on line 7255.
.................................................
.................................................
. LaTeX info: "xparse/define-command"
. 
. Defining command \DeclareSIPrePower with sig. 'mm' on line 7258.
.................................................
.................................................
. LaTeX info: "xparse/define-command"
. 
. Defining command \DeclareSIQualifier with sig. 'mm' on line 7261.
.................................................
.................................................
. LaTeX info: "xparse/define-command"
. 
. Defining command \DeclareSIUnit with sig. 'O{}mm' on line 7264.
.................................................
.................................................
. LaTeX info: "xparse/define-command"
. 
. Defining command \DeclareSIUnitWithOptions with sig. 'mmm' on line 7267.
.................................................
.................................................
. LaTeX info: "xparse/define-command"
. 
. Defining command \ang with sig. 'o>{\SplitArgument {2}{;}}m' on line 7282.
.................................................
.................................................
. LaTeX info: "xparse/define-command"
. 
. Defining command \num with sig. 'om' on line 7291.
.................................................
.................................................
. LaTeX info: "xparse/define-command"
. 
. Defining command \numlist with sig. 'o>{\SplitList {;}}m' on line 7300.
.................................................
.................................................
. LaTeX info: "xparse/define-command"
. 
. Defining command \numrange with sig. 'omm' on line 7309.
.................................................
.................................................
. LaTeX info: "xparse/define-command"
. 
. Defining command \SIlist with sig. 'o>{\SplitList {;}}mm' on line 7321.
.................................................
.................................................
. LaTeX info: "xparse/define-command"
. 
. Defining command \SIrange with sig. 'ommm' on line 7333.
.................................................
.................................................
. LaTeX info: "xparse/define-command"
. 
. Defining command \SI with sig. 'omom' on line 7345.
.................................................
.................................................
. LaTeX info: "xparse/define-command"
. 
. Defining command \sisetup with sig. 'm' on line 7348.
.................................................
.................................................
. LaTeX info: "xparse/define-command"
. 
. Defining command \tablenum with sig. 'om' on line 7363.
.................................................
.................................................
. LaTeX info: "xparse/define-command"
. 
. Defining command \si with sig. 'om' on line 7375.
.................................................
.................................................
. LaTeX info: "xparse/define-command"
. 
. Defining command \__siunitx_bookmark_num:w with sig. 'om' on line 7422.
.................................................
.................................................
. LaTeX info: "xparse/define-command"
. 
. Defining command \__siunitx_bookmark_numrange:w with sig. 'omm' on line
. 7424.
.................................................
.................................................
. LaTeX info: "xparse/define-command"
. 
. Defining command \__siunitx_bookmark_SI:w with sig. 'omom' on line 7426.
.................................................
.................................................
. LaTeX info: "xparse/define-command"
. 
. Defining command \__siunitx_bookmark_SIlist:w with sig. 'omm' on line 7428.
.................................................
.................................................
. LaTeX info: "xparse/define-command"
. 
. Defining command \__siunitx_bookmark_SIrange:w with sig. 'ommm' on line
. 7430.
.................................................
.................................................
. LaTeX info: "xparse/define-command"
. 
. Defining command \__siunitx_bookmark_si:w with sig. 'om' on line 7431.
.................................................
\g__file_internal_ior=\read1

(/usr/share/texlive/texmf-dist/tex/latex/beamer/translator/translator.sty
Package: translator 2010/06/12 ver 1.10

(/usr/share/texlive/texmf-dist/tex/latex/beamer/translator/translator-language-
mappings.tex)))
(/usr/share/texlive/texmf-dist/tex/latex/subfigure/subfigure.sty
Package: subfigure 2002/03/15 v2.1.5 subfigure package
\subfigtopskip=\skip83
\subfigcapskip=\skip84
\subfigcaptopadj=\dimen179
\subfigbottomskip=\skip85
\subfigcapmargin=\dimen180
\subfiglabelskip=\skip86
\c@subfigure=\count159
\c@lofdepth=\count160
\c@subtable=\count161
\c@lotdepth=\count162

****************************************
* Local config file subfigure.cfg used *
****************************************
(/usr/share/texlive/texmf-dist/tex/latex/subfigure/subfigure.cfg)
\subfig@top=\skip87
\subfig@bottom=\skip88
)
(/usr/share/texlive/texmf-dist/tex/latex/enumitem/enumitem.sty
Package: enumitem 2011/09/28 v3.5.2 Customized lists
\labelindent=\skip89
\enit@outerparindent=\dimen181
\enit@toks=\toks26
\enit@inbox=\box56
\enitdp@description=\count163
)
(/usr/share/texlive/texmf-dist/tex/latex/tools/verbatim.sty
Package: verbatim 2014/10/28 v1.5q LaTeX2e package for verbatim enhancements
\every@verbatim=\toks27
\verbatim@line=\toks28
\verbatim@in@stream=\read2
)
(/usr/share/texlive/texmf-dist/tex/latex/pgf/frontendlayer/tikz.sty
(/usr/share/texlive/texmf-dist/tex/latex/pgf/basiclayer/pgf.sty
(/usr/share/texlive/texmf-dist/tex/latex/pgf/utilities/pgfrcs.sty
(/usr/share/texlive/texmf-dist/tex/generic/pgf/utilities/pgfutil-common.tex
\pgfutil@everybye=\toks29
\pgfutil@tempdima=\dimen182
\pgfutil@tempdimb=\dimen183

(/usr/share/texlive/texmf-dist/tex/generic/pgf/utilities/pgfutil-common-lists.t
ex)) (/usr/share/texlive/texmf-dist/tex/generic/pgf/utilities/pgfutil-latex.def
\pgfutil@abb=\box57
(/usr/share/texlive/texmf-dist/tex/latex/ms/everyshi.sty
Package: everyshi 2001/05/15 v3.00 EveryShipout Package (MS)
))
(/usr/share/texlive/texmf-dist/tex/generic/pgf/utilities/pgfrcs.code.tex
Package: pgfrcs 2015/08/07 v3.0.1a (rcs-revision 1.31)
))
Package: pgf 2015/08/07 v3.0.1a (rcs-revision 1.15)

(/usr/share/texlive/texmf-dist/tex/latex/pgf/basiclayer/pgfcore.sty
(/usr/share/texlive/texmf-dist/tex/latex/pgf/systemlayer/pgfsys.sty
(/usr/share/texlive/texmf-dist/tex/generic/pgf/systemlayer/pgfsys.code.tex
Package: pgfsys 2014/07/09 v3.0.1a (rcs-revision 1.48)

(/usr/share/texlive/texmf-dist/tex/generic/pgf/utilities/pgfkeys.code.tex
\pgfkeys@pathtoks=\toks30
\pgfkeys@temptoks=\toks31

(/usr/share/texlive/texmf-dist/tex/generic/pgf/utilities/pgfkeysfiltered.code.t
ex
\pgfkeys@tmptoks=\toks32
))
\pgf@x=\dimen184
\pgf@y=\dimen185
\pgf@xa=\dimen186
\pgf@ya=\dimen187
\pgf@xb=\dimen188
\pgf@yb=\dimen189
\pgf@xc=\dimen190
\pgf@yc=\dimen191
\w@pgf@writea=\write3
\r@pgf@reada=\read3
\c@pgf@counta=\count164
\c@pgf@countb=\count165
\c@pgf@countc=\count166
\c@pgf@countd=\count167
\t@pgf@toka=\toks33
\t@pgf@tokb=\toks34
\t@pgf@tokc=\toks35
 (/usr/share/texlive/texmf-dist/tex/generic/pgf/systemlayer/pgf.cfg
File: pgf.cfg 2008/05/14  (rcs-revision 1.7)
)
Driver file for pgf: pgfsys-pdftex.def

(/usr/share/texlive/texmf-dist/tex/generic/pgf/systemlayer/pgfsys-pdftex.def
File: pgfsys-pdftex.def 2014/10/11  (rcs-revision 1.35)

(/usr/share/texlive/texmf-dist/tex/generic/pgf/systemlayer/pgfsys-common-pdf.de
f
File: pgfsys-common-pdf.def 2013/10/10  (rcs-revision 1.13)
)))
(/usr/share/texlive/texmf-dist/tex/generic/pgf/systemlayer/pgfsyssoftpath.code.
tex
File: pgfsyssoftpath.code.tex 2013/09/09  (rcs-revision 1.9)
\pgfsyssoftpath@smallbuffer@items=\count168
\pgfsyssoftpath@bigbuffer@items=\count169
)
(/usr/share/texlive/texmf-dist/tex/generic/pgf/systemlayer/pgfsysprotocol.code.
tex
File: pgfsysprotocol.code.tex 2006/10/16  (rcs-revision 1.4)
)) (/usr/share/texlive/texmf-dist/tex/latex/xcolor/xcolor.sty
Package: xcolor 2016/05/11 v2.12 LaTeX color extensions (UK)

(/usr/share/texlive/texmf-dist/tex/latex/graphics-cfg/color.cfg
File: color.cfg 2016/01/02 v1.6 sample color configuration
)
Package xcolor Info: Driver file: pdftex.def on input line 225.
LaTeX Info: Redefining \color on input line 709.
Package xcolor Info: Model `cmy' substituted by `cmy0' on input line 1348.
Package xcolor Info: Model `hsb' substituted by `rgb' on input line 1352.
Package xcolor Info: Model `RGB' extended on input line 1364.
Package xcolor Info: Model `HTML' substituted by `rgb' on input line 1366.
Package xcolor Info: Model `Hsb' substituted by `hsb' on input line 1367.
Package xcolor Info: Model `tHsb' substituted by `hsb' on input line 1368.
Package xcolor Info: Model `HSB' substituted by `hsb' on input line 1369.
Package xcolor Info: Model `Gray' substituted by `gray' on input line 1370.
Package xcolor Info: Model `wave' substituted by `hsb' on input line 1371.
)
(/usr/share/texlive/texmf-dist/tex/generic/pgf/basiclayer/pgfcore.code.tex
Package: pgfcore 2010/04/11 v3.0.1a (rcs-revision 1.7)

(/usr/share/texlive/texmf-dist/tex/generic/pgf/math/pgfmath.code.tex
(/usr/share/texlive/texmf-dist/tex/generic/pgf/math/pgfmathcalc.code.tex
(/usr/share/texlive/texmf-dist/tex/generic/pgf/math/pgfmathutil.code.tex)
(/usr/share/texlive/texmf-dist/tex/generic/pgf/math/pgfmathparser.code.tex
\pgfmath@dimen=\dimen192
\pgfmath@count=\count170
\pgfmath@box=\box58
\pgfmath@toks=\toks36
\pgfmath@stack@operand=\toks37
\pgfmath@stack@operation=\toks38
)
(/usr/share/texlive/texmf-dist/tex/generic/pgf/math/pgfmathfunctions.code.tex
(/usr/share/texlive/texmf-dist/tex/generic/pgf/math/pgfmathfunctions.basic.code
.tex)
(/usr/share/texlive/texmf-dist/tex/generic/pgf/math/pgfmathfunctions.trigonomet
ric.code.tex)
(/usr/share/texlive/texmf-dist/tex/generic/pgf/math/pgfmathfunctions.random.cod
e.tex)
(/usr/share/texlive/texmf-dist/tex/generic/pgf/math/pgfmathfunctions.comparison
.code.tex)
(/usr/share/texlive/texmf-dist/tex/generic/pgf/math/pgfmathfunctions.base.code.
tex)
(/usr/share/texlive/texmf-dist/tex/generic/pgf/math/pgfmathfunctions.round.code
.tex)
(/usr/share/texlive/texmf-dist/tex/generic/pgf/math/pgfmathfunctions.misc.code.
tex)
(/usr/share/texlive/texmf-dist/tex/generic/pgf/math/pgfmathfunctions.integerari
thmetics.code.tex)))
(/usr/share/texlive/texmf-dist/tex/generic/pgf/math/pgfmathfloat.code.tex
\c@pgfmathroundto@lastzeros=\count171
))
(/usr/share/texlive/texmf-dist/tex/generic/pgf/basiclayer/pgfcorepoints.code.te
x
File: pgfcorepoints.code.tex 2013/10/07  (rcs-revision 1.27)
\pgf@picminx=\dimen193
\pgf@picmaxx=\dimen194
\pgf@picminy=\dimen195
\pgf@picmaxy=\dimen196
\pgf@pathminx=\dimen197
\pgf@pathmaxx=\dimen198
\pgf@pathminy=\dimen199
\pgf@pathmaxy=\dimen256
\pgf@xx=\dimen257
\pgf@xy=\dimen258
\pgf@yx=\dimen259
\pgf@yy=\dimen260
\pgf@zx=\dimen261
\pgf@zy=\dimen262
)
(/usr/share/texlive/texmf-dist/tex/generic/pgf/basiclayer/pgfcorepathconstruct.
code.tex
File: pgfcorepathconstruct.code.tex 2013/10/07  (rcs-revision 1.29)
\pgf@path@lastx=\dimen263
\pgf@path@lasty=\dimen264
)
(/usr/share/texlive/texmf-dist/tex/generic/pgf/basiclayer/pgfcorepathusage.code
.tex
File: pgfcorepathusage.code.tex 2014/11/02  (rcs-revision 1.24)
\pgf@shorten@end@additional=\dimen265
\pgf@shorten@start@additional=\dimen266
)
(/usr/share/texlive/texmf-dist/tex/generic/pgf/basiclayer/pgfcorescopes.code.te
x
File: pgfcorescopes.code.tex 2015/05/08  (rcs-revision 1.46)
\pgfpic=\box59
\pgf@hbox=\box60
\pgf@layerbox@main=\box61
\pgf@picture@serial@count=\count172
)
(/usr/share/texlive/texmf-dist/tex/generic/pgf/basiclayer/pgfcoregraphicstate.c
ode.tex
File: pgfcoregraphicstate.code.tex 2014/11/02  (rcs-revision 1.12)
\pgflinewidth=\dimen267
)
(/usr/share/texlive/texmf-dist/tex/generic/pgf/basiclayer/pgfcoretransformation
s.code.tex
File: pgfcoretransformations.code.tex 2015/08/07  (rcs-revision 1.20)
\pgf@pt@x=\dimen268
\pgf@pt@y=\dimen269
\pgf@pt@temp=\dimen270
)
(/usr/share/texlive/texmf-dist/tex/generic/pgf/basiclayer/pgfcorequick.code.tex
File: pgfcorequick.code.tex 2008/10/09  (rcs-revision 1.3)
)
(/usr/share/texlive/texmf-dist/tex/generic/pgf/basiclayer/pgfcoreobjects.code.t
ex
File: pgfcoreobjects.code.tex 2006/10/11  (rcs-revision 1.2)
)
(/usr/share/texlive/texmf-dist/tex/generic/pgf/basiclayer/pgfcorepathprocessing
.code.tex
File: pgfcorepathprocessing.code.tex 2013/09/09  (rcs-revision 1.9)
)
(/usr/share/texlive/texmf-dist/tex/generic/pgf/basiclayer/pgfcorearrows.code.te
x
File: pgfcorearrows.code.tex 2015/05/14  (rcs-revision 1.43)
\pgfarrowsep=\dimen271
)
(/usr/share/texlive/texmf-dist/tex/generic/pgf/basiclayer/pgfcoreshade.code.tex
File: pgfcoreshade.code.tex 2013/07/15  (rcs-revision 1.15)
\pgf@max=\dimen272
\pgf@sys@shading@range@num=\count173
)
(/usr/share/texlive/texmf-dist/tex/generic/pgf/basiclayer/pgfcoreimage.code.tex
File: pgfcoreimage.code.tex 2013/07/15  (rcs-revision 1.18)

(/usr/share/texlive/texmf-dist/tex/generic/pgf/basiclayer/pgfcoreexternal.code.
tex
File: pgfcoreexternal.code.tex 2014/07/09  (rcs-revision 1.21)
\pgfexternal@startupbox=\box62
))
(/usr/share/texlive/texmf-dist/tex/generic/pgf/basiclayer/pgfcorelayers.code.te
x
File: pgfcorelayers.code.tex 2013/07/18  (rcs-revision 1.7)
)
(/usr/share/texlive/texmf-dist/tex/generic/pgf/basiclayer/pgfcoretransparency.c
ode.tex
File: pgfcoretransparency.code.tex 2013/09/30  (rcs-revision 1.5)
)
(/usr/share/texlive/texmf-dist/tex/generic/pgf/basiclayer/pgfcorepatterns.code.
tex
File: pgfcorepatterns.code.tex 2013/11/07  (rcs-revision 1.5)
)))
(/usr/share/texlive/texmf-dist/tex/generic/pgf/modules/pgfmoduleshapes.code.tex
File: pgfmoduleshapes.code.tex 2014/03/21  (rcs-revision 1.35)
\pgfnodeparttextbox=\box63
) (/usr/share/texlive/texmf-dist/tex/generic/pgf/modules/pgfmoduleplot.code.tex
File: pgfmoduleplot.code.tex 2015/08/03  (rcs-revision 1.13)
)
(/usr/share/texlive/texmf-dist/tex/latex/pgf/compatibility/pgfcomp-version-0-65
.sty
Package: pgfcomp-version-0-65 2007/07/03 v3.0.1a (rcs-revision 1.7)
\pgf@nodesepstart=\dimen273
\pgf@nodesepend=\dimen274
)
(/usr/share/texlive/texmf-dist/tex/latex/pgf/compatibility/pgfcomp-version-1-18
.sty
Package: pgfcomp-version-1-18 2007/07/23 v3.0.1a (rcs-revision 1.1)
)) (/usr/share/texlive/texmf-dist/tex/latex/pgf/utilities/pgffor.sty
(/usr/share/texlive/texmf-dist/tex/latex/pgf/utilities/pgfkeys.sty
(/usr/share/texlive/texmf-dist/tex/generic/pgf/utilities/pgfkeys.code.tex))
(/usr/share/texlive/texmf-dist/tex/latex/pgf/math/pgfmath.sty
(/usr/share/texlive/texmf-dist/tex/generic/pgf/math/pgfmath.code.tex))
(/usr/share/texlive/texmf-dist/tex/generic/pgf/utilities/pgffor.code.tex
Package: pgffor 2013/12/13 v3.0.1a (rcs-revision 1.25)

(/usr/share/texlive/texmf-dist/tex/generic/pgf/math/pgfmath.code.tex)
\pgffor@iter=\dimen275
\pgffor@skip=\dimen276
\pgffor@stack=\toks39
\pgffor@toks=\toks40
))
(/usr/share/texlive/texmf-dist/tex/generic/pgf/frontendlayer/tikz/tikz.code.tex
Package: tikz 2015/08/07 v3.0.1a (rcs-revision 1.151)

(/usr/share/texlive/texmf-dist/tex/generic/pgf/libraries/pgflibraryplothandlers
.code.tex
File: pgflibraryplothandlers.code.tex 2013/08/31 v3.0.1a (rcs-revision 1.20)
\pgf@plot@mark@count=\count174
\pgfplotmarksize=\dimen277
)
\tikz@lastx=\dimen278
\tikz@lasty=\dimen279
\tikz@lastxsaved=\dimen280
\tikz@lastysaved=\dimen281
\tikzleveldistance=\dimen282
\tikzsiblingdistance=\dimen283
\tikz@figbox=\box64
\tikz@figbox@bg=\box65
\tikz@tempbox=\box66
\tikz@tempbox@bg=\box67
\tikztreelevel=\count175
\tikznumberofchildren=\count176
\tikznumberofcurrentchild=\count177
\tikz@fig@count=\count178

(/usr/share/texlive/texmf-dist/tex/generic/pgf/modules/pgfmodulematrix.code.tex
File: pgfmodulematrix.code.tex 2013/09/17  (rcs-revision 1.8)
\pgfmatrixcurrentrow=\count179
\pgfmatrixcurrentcolumn=\count180
\pgf@matrix@numberofcolumns=\count181
)
\tikz@expandcount=\count182

(/usr/share/texlive/texmf-dist/tex/generic/pgf/frontendlayer/tikz/libraries/tik
zlibrarytopaths.code.tex
File: tikzlibrarytopaths.code.tex 2008/06/17 v3.0.1a (rcs-revision 1.2)
)))
(/usr/share/texlive/texmf-dist/tex/latex/lipsum/lipsum.sty
Package: lipsum 2014/07/27 v1.3 150 paragraphs of Lorem Ipsum dummy text
\c@lips@count=\count183
)
(/usr/share/texlive/texmf-dist/tex/latex/url/url.sty
\Urlmuskip=\muskip17
Package: url 2013/09/16  ver 3.4  Verb mode for urls, etc.
)
(/usr/share/texlive/texmf-dist/tex/latex/caption/caption.sty
Package: caption 2016/02/21 v3.3-144 Customizing captions (AR)

(/usr/share/texlive/texmf-dist/tex/latex/caption/caption3.sty
Package: caption3 2016/05/22 v1.7-166 caption3 kernel (AR)
Package caption3 Info: TeX engine: e-TeX on input line 67.
\captionmargin=\dimen284
\captionmargin@=\dimen285
\captionwidth=\dimen286
\caption@tempdima=\dimen287
\caption@indent=\dimen288
\caption@parindent=\dimen289
\caption@hangindent=\dimen290
)
\c@ContinuedFloat=\count184
Package caption Info: float package is loaded.
Package caption Info: listings package is loaded.
Package caption Info: subfigure package is loaded.
)
(./jeffersonartigo.aux)
\openout1 = `jeffersonartigo.aux'.

LaTeX Font Info:    Checking defaults for OML/cmm/m/it on input line 70.
LaTeX Font Info:    ... okay on input line 70.
LaTeX Font Info:    Checking defaults for T1/cmr/m/n on input line 70.
LaTeX Font Info:    ... okay on input line 70.
LaTeX Font Info:    Checking defaults for OT1/cmr/m/n on input line 70.
LaTeX Font Info:    ... okay on input line 70.
LaTeX Font Info:    Checking defaults for OMS/cmsy/m/n on input line 70.
LaTeX Font Info:    ... okay on input line 70.
LaTeX Font Info:    Checking defaults for OMX/cmex/m/n on input line 70.
LaTeX Font Info:    ... okay on input line 70.
LaTeX Font Info:    Checking defaults for U/cmr/m/n on input line 70.
LaTeX Font Info:    ... okay on input line 70.

(/usr/share/texlive/texmf-dist/tex/context/base/mkii/supp-pdf.mkii
[Loading MPS to PDF converter (version 2006.09.02).]
\scratchcounter=\count185
\scratchdimen=\dimen291
\scratchbox=\box68
\nofMPsegments=\count186
\nofMParguments=\count187
\everyMPshowfont=\toks41
\MPscratchCnt=\count188
\MPscratchDim=\dimen292
\MPnumerator=\count189
\makeMPintoPDFobject=\count190
\everyMPtoPDFconversion=\toks42
) (/usr/share/texlive/texmf-dist/tex/latex/oberdiek/epstopdf-base.sty
Package: epstopdf-base 2016/05/15 v2.6 Base part for package epstopdf

(/usr/share/texlive/texmf-dist/tex/latex/oberdiek/grfext.sty
Package: grfext 2016/05/16 v1.2 Manage graphics extensions (HO)

(/usr/share/texlive/texmf-dist/tex/generic/oberdiek/kvdefinekeys.sty
Package: kvdefinekeys 2016/05/16 v1.4 Define keys (HO)
))
(/usr/share/texlive/texmf-dist/tex/latex/oberdiek/kvoptions.sty
Package: kvoptions 2016/05/16 v3.12 Key value format for package options (HO)

(/usr/share/texlive/texmf-dist/tex/generic/oberdiek/kvsetkeys.sty
Package: kvsetkeys 2016/05/16 v1.17 Key value parser (HO)

(/usr/share/texlive/texmf-dist/tex/generic/oberdiek/etexcmds.sty
Package: etexcmds 2016/05/16 v1.6 Avoid name clashes with e-TeX commands (HO)
Package etexcmds Info: Could not find \expanded.
(etexcmds)             That can mean that you are not using pdfTeX 1.50 or
(etexcmds)             that some package has redefined \expanded.
(etexcmds)             In the latter case, load this package earlier.
)))
Package epstopdf-base Info: Redefining graphics rule for `.eps' on input line 4
38.
Package grfext Info: Graphics extension search list:
(grfext)             [.png,.pdf,.jpg,.mps,.jpeg,.jbig2,.jb2,.PNG,.PDF,.JPG,.JPE
G,.JBIG2,.JB2,.eps]
(grfext)             \AppendGraphicsExtensions on input line 456.

(/usr/share/texlive/texmf-dist/tex/latex/latexconfig/epstopdf-sys.cfg
File: epstopdf-sys.cfg 2010/07/13 v1.3 Configuration of (r)epstopdf for TeX Liv
e
))
\AtBeginShipoutBox=\box69
\c@lstlisting=\count191

(/usr/share/texlive/texmf-dist/tex/latex/base/inputenc.sty
Package: inputenc 2015/03/17 v1.2c Input encoding file
\inpenc@prehook=\toks43
\inpenc@posthook=\toks44
)
(/usr/share/texlive/texmf-dist/tex/latex/beamer/translator/dicts/translator-bas
ic-dictionary/translator-basic-dictionary-English.dict
Dictionary: translator-basic-dictionary, Language: English 
)
(/usr/share/texlive/texmf-dist/tex/latex/siunitx/siunitx-abbreviations.cfg
File: siunitx-abbreviations.cfg 2017/01/01 v2.7a siunitx: Abbreviated units
)
ABD: EveryShipout initializing macros
Package caption Info: Begin \AtBeginDocument code.
Package caption Info: End \AtBeginDocument code.
\c__siunitx_mathsf_int=\count192
LaTeX Font Info:    Try loading font information for U+msa on input line 70.

(/usr/share/texlive/texmf-dist/tex/latex/amsfonts/umsa.fd
File: umsa.fd 2013/01/14 v3.01 AMS symbols A
)
LaTeX Font Info:    Try loading font information for U+msb on input line 70.

(/usr/share/texlive/texmf-dist/tex/latex/amsfonts/umsb.fd
File: umsb.fd 2013/01/14 v3.01 AMS symbols B
)
\c__siunitx_mathtt_int=\count193
LaTeX Font Info:    Calculating math sizes for size <11> on input line 79.


LaTeX Font Warning: Font shape `OT1/cmr/m/n' in size <5.5> not available
(Font)              size <5> substituted on input line 79.


LaTeX Font Warning: Font shape `OML/cmm/m/it' in size <5.5> not available
(Font)              size <5> substituted on input line 79.


LaTeX Font Warning: Font shape `OMS/cmsy/m/n' in size <5.5> not available
(Font)              size <5> substituted on input line 79.


LaTeX Font Warning: Font shape `OT1/cmss/m/n' in size <5.5> not available
(Font)              size <5> substituted on input line 79.


LaTeX Font Warning: Font shape `OT1/cmtt/m/n' in size <5.5> not available
(Font)              size <5> substituted on input line 79.


Overfull \hbox (126.37599pt too wide) in paragraph at lines 79--79
 [][] 
 []


! LaTeX Error: File `logo' not found.

See the LaTeX manual or LaTeX Companion for explanation.
Type  H <return>  for immediate help.
 ...                                              
                                                  
l.96 \end{abstract}
                   
? 

! LaTeX Error: There's no line here to end.

See the LaTeX manual or LaTeX Companion for explanation.
Type  H <return>  for immediate help.
 ...                                              
                                                  
l.96 \end{abstract}
                   
? 
LaTeX Font Info:    Try loading font information for OT1+phv on input line 96.
(/usr/share/texlive/texmf-dist/tex/latex/psnfss/ot1phv.fd
File: ot1phv.fd 2001/06/04 scalable font definitions for OT1/phv.
)

Package Fancyhdr Warning: \headheight is too small (12.0pt): 
 Make it at least 43.77802pt.
 We now make it that large for the rest of the document.
 This may cause the page layout to be inconsistent, however.


LaTeX Font Warning: Font shape `OT1/cmr/m/n' in size <7.5> not available
(Font)              size <7> substituted on input line 96.


LaTeX Font Warning: Font shape `OT1/cmr/m/it' in size <7.5> not available
(Font)              size <7> substituted on input line 96.

Missing character: There is no â in font cmti7!
Missing character: There is no € in font cmti7!
Missing character: There is no “ in font cmti7!
Missing character: There is no â in font cmti7!
Missing character: There is no € in font cmti7!
Missing character: There is no “ in font cmti7!
Missing character: There is no Ã in font cmti7!
Missing character: There is no ª in font cmti7!
Missing character: There is no â in font cmti7!
Missing character: There is no € in font cmti7!
Missing character: There is no “ in font cmti7!

Overfull \hbox (36.79134pt too wide) has occurred while \output is active
 []$[]$| 
 []

[1{/var/lib/texmf/fonts/map/pdftex/updmap/pdftex.map}

]
! Undefined control sequence.
l.98 \palavra
              {\em{Gera\c c\~ao de Energia, Demanda, Modelo Hidrot\'ermico, ...

? 

Overfull \hbox (16.35786pt too wide) in paragraph at lines 98--100
[]\OT1/cmr/m/it/12 Gera^^Xc~ao de Ener-gia, De-manda, Mo-delo Hi-drot^^Sermico,
 Pla-ne-ja-mento, Progra-
 []

Missing character: There is no Ã in font cmr12!
Missing character: There is no µ in font cmr12!
Missing character: There is no â in font cmti7!
Missing character: There is no € in font cmti7!
Missing character: There is no “ in font cmti7!

Package Fancyhdr Warning: \headheight is too small (12.0pt): 
 Make it at least 32.06807pt.
 We now make it that large for the rest of the document.
 This may cause the page layout to be inconsistent, however.

Missing character: There is no â in font cmti7!
Missing character: There is no € in font cmti7!
Missing character: There is no “ in font cmti7!
Missing character: There is no â in font cmti7!
Missing character: There is no € in font cmti7!
Missing character: There is no “ in font cmti7!
Missing character: There is no Ã in font cmti7!
Missing character: There is no ª in font cmti7!
Missing character: There is no â in font cmti7!
Missing character: There is no € in font cmti7!
Missing character: There is no “ in font cmti7!

Overfull \hbox (36.79134pt too wide) has occurred while \output is active
 []$[]$| 
 []

[2]
! Undefined control sequence.
<argument> \xymatrix 
                     @=1.0em{ & & *+[F]{\text {CHUVA}} \ar [r]& *+[F]{\text ...
l.170  }}
         
? 
! Misplaced alignment tab character &.
<argument> \xymatrix @=1.0em{ &
                                & *+[F]{\text {CHUVA}} \ar [r]& *+[F]{\text ...
l.170  }}
         
? 
! Misplaced alignment tab character &.
<argument> \xymatrix @=1.0em{ & &
                                  *+[F]{\text {CHUVA}} \ar [r]& *+[F]{\text ...
l.170  }}
         
? 
! Undefined control sequence.
<argument> ...1.0em{ & & *+[F]{\text {CHUVA}} \ar 
                                                  [r]& *+[F]{\text {DECIS\~A...
l.170  }}
         
? 
! Misplaced alignment tab character &.
<argument> ...m{ & & *+[F]{\text {CHUVA}} \ar [r]&
                                                   *+[F]{\text {DECIS\~AO CO...
l.170  }}
         
? 

! LaTeX Error: Something's wrong--perhaps a missing \item.

See the LaTeX manual or LaTeX Companion for explanation.
Type  H <return>  for immediate help.
 ...                                              
                                                  
l.170  }}
         
? 
! Misplaced alignment tab character &.
<recently read> &
                 
l.170  }}
         
? 
! Undefined control sequence.
<argument> ...{\text {USAR \ RESERVAT\'ORIO}} \ar 
                                                  [ur] \ar [dr] & &\\ & & *+...
l.170  }}
         
? 
! Undefined control sequence.
<argument> ...SAR \ RESERVAT\'ORIO}} \ar [ur] \ar 
                                                  [dr] & &\\ & & *+[F]{\text...
l.170  }}
         
? 
! Misplaced alignment tab character &.
<argument> ...RESERVAT\'ORIO}} \ar [ur] \ar [dr] &
                                                   &\\ & & *+[F]{\text {SECA...
l.170  }}
         
? 
! Misplaced alignment tab character &.
<argument> ...SERVAT\'ORIO}} \ar [ur] \ar [dr] & &
                                                  \\ & & *+[F]{\text {SECA}}...
l.170  }}
         
? 

! LaTeX Error: Something's wrong--perhaps a missing \item.

See the LaTeX manual or LaTeX Companion for explanation.
Type  H <return>  for immediate help.
 ...                                              
                                                  
l.170  }}
         
? 
! Misplaced alignment tab character &.
<recently read> &
                 
l.170  }}
         
? 
! Misplaced alignment tab character &.
<argument> ...\'ORIO}} \ar [ur] \ar [dr] & &\\ & &
                                                   *+[F]{\text {SECA}} \ar [...
l.170  }}
         
? 
! Undefined control sequence.
<argument> ...] & &\\ & & *+[F]{\text {SECA}} \ar 
                                                  [r] & *+[F]{\text {PREJU\'...
l.170  }}
         
? 
! Misplaced alignment tab character &.
<argument> ...\\ & & *+[F]{\text {SECA}} \ar [r] &
                                                   *+[F]{\text {PREJU\'IZO}}...
l.170  }}
         
? 

! LaTeX Error: Something's wrong--perhaps a missing \item.

See the LaTeX manual or LaTeX Companion for explanation.
Type  H <return>  for immediate help.
 ...                                              
                                                  
l.170  }}
         
? 
! Undefined control sequence.
<argument> ...O}} \\ *+ [F]{\text {OPERADOR}} \ar 
                                                  [uur] \ar [ddr] & & & \\ &...
l.170  }}
         
? 
! Undefined control sequence.
<argument> ...[F]{\text {OPERADOR}} \ar [uur] \ar 
                                                  [ddr] & & & \\ & & *+[F]{ ...
l.170  }}
         
? 
! Misplaced alignment tab character &.
<argument> ...xt {OPERADOR}} \ar [uur] \ar [ddr] &
                                                   & & \\ & & *+[F]{ \text {...
l.170  }}
         
? 
! Misplaced alignment tab character &.
<argument> ... {OPERADOR}} \ar [uur] \ar [ddr] & &
                                                   & \\ & & *+[F]{ \text {CH...
l.170  }}
         
? 
! Misplaced alignment tab character &.
<argument> ...OPERADOR}} \ar [uur] \ar [ddr] & & &
                                                   \\ & & *+[F]{ \text {CHUV...
l.170  }}
         
? 

! LaTeX Error: Something's wrong--perhaps a missing \item.

See the LaTeX manual or LaTeX Companion for explanation.
Type  H <return>  for immediate help.
 ...                                              
                                                  
l.170  }}
         
? 
! Misplaced alignment tab character &.
<recently read> &
                 
l.170  }}
         
? 
! Misplaced alignment tab character &.
<argument> ...R}} \ar [uur] \ar [ddr] & & & \\ & &
                                                   *+[F]{ \text {CHUVA}} \ar...
l.170  }}
         
? ddd
Type <return> to proceed, S to scroll future error messages,
R to run without stopping, Q to run quietly,
I to insert something, E to edit your file,
1 or ... or 9 to ignore the next 1 to 9 tokens of input,
H for help, X to quit.
? 
! Undefined control sequence.
<argument> ... & \\ & & *+[F]{ \text {CHUVA}} \ar 
                                                  [r] & *+ [F]{\text {PREJU\...
l.170  }}
         
? 
! Misplaced alignment tab character &.
<argument> ... & & *+[F]{ \text {CHUVA}} \ar [r] &
                                                   *+ [F]{\text {PREJU\'IZO}...
l.170  }}
         
? 

! LaTeX Error: Something's wrong--perhaps a missing \item.

See the LaTeX manual or LaTeX Companion for explanation.
Type  H <return>  for immediate help.
 ...                                              
                                                  
l.170  }}
         
? 
! Misplaced alignment tab character &.
<recently read> &
                 
l.170  }}
         
? 
! Undefined control sequence.
<argument> ...F]{\text {USAR TERMEL\'ETRICA}} \ar 
                                                  [ur] \ar [dr]& &\\ & & *+[...
l.170  }}
         
? 
! Undefined control sequence.
<argument> ...{USAR TERMEL\'ETRICA}} \ar [ur] \ar 
                                                  [dr]& &\\ & & *+[F] {\text...
l.170  }}
         
? 
! Misplaced alignment tab character &.
<argument> ... TERMEL\'ETRICA}} \ar [ur] \ar [dr]&
                                                   &\\ & & *+[F] {\text {SEC...
l.170  }}
         
? 
! Misplaced alignment tab character &.
<argument> ...ERMEL\'ETRICA}} \ar [ur] \ar [dr]& &
                                                  \\ & & *+[F] {\text {SECA}...
l.170  }}
         
? 

! LaTeX Error: Something's wrong--perhaps a missing \item.

See the LaTeX manual or LaTeX Companion for explanation.
Type  H <return>  for immediate help.
 ...                                              
                                                  
l.170  }}
         
? 
! Misplaced alignment tab character &.
<recently read> &
                 
l.170  }}
         
? 
! Misplaced alignment tab character &.
<argument> ...'ETRICA}} \ar [ur] \ar [dr]& &\\ & &
                                                   *+[F] {\text {SECA}} \ar ...
l.170  }}
         
? 
! Undefined control sequence.
<argument> ...]& &\\ & & *+[F] {\text {SECA}} \ar 
                                                  [r] & *+[F]{\text {DECIS\~...
l.170  }}
         
? 
! Misplaced alignment tab character &.
<argument> ...\ & & *+[F] {\text {SECA}} \ar [r] &
                                                   *+[F]{\text {DECIS\~AO CO...
l.170  }}
         
? 
Missing character: There is no â in font cmti7!
Missing character: There is no € in font cmti7!
Missing character: There is no “ in font cmti7!

Package Fancyhdr Warning: \headheight is too small (12.0pt): 
 Make it at least 32.06807pt.
 We now make it that large for the rest of the document.
 This may cause the page layout to be inconsistent, however.

Missing character: There is no â in font cmti7!
Missing character: There is no € in font cmti7!
Missing character: There is no “ in font cmti7!
Missing character: There is no â in font cmti7!
Missing character: There is no € in font cmti7!
Missing character: There is no “ in font cmti7!
Missing character: There is no Ã in font cmti7!
Missing character: There is no ª in font cmti7!
Missing character: There is no â in font cmti7!
Missing character: There is no € in font cmti7!
Missing character: There is no “ in font cmti7!

Overfull \hbox (36.79134pt too wide) has occurred while \output is active
 []$[]$| 
 []

[3]
Missing character: There is no â in font cmti7!
Missing character: There is no € in font cmti7!
Missing character: There is no “ in font cmti7!


Package Fancyhdr Warning: \headheight is too small (12.0pt): 
 Make it at least 32.06807pt.
 We now make it that large for the rest of the document.
 This may cause the page layout to be inconsistent, however.

Missing character: There is no â in font cmti7!
Missing character: There is no € in font cmti7!
Missing character: There is no “ in font cmti7!
Missing character: There is no â in font cmti7!
Missing character: There is no € in font cmti7!
Missing character: There is no “ in font cmti7!
Missing character: There is no Ã in font cmti7!
Missing character: There is no ª in font cmti7!
Missing character: There is no â in font cmti7!
Missing character: There is no € in font cmti7!
Missing character: There is no “ in font cmti7!

Overfull \hbox (36.79134pt too wide) has occurred while \output is active
 []$[]$| 
 []

[4]

! Package pgfkeys Error: I do not know the key '/tikz/above1' and I am going to
 ignore it. Perhaps you misspelled it.

See the pgfkeys package documentation for explanation.
Type  H <return>  for immediate help.
 ...                                              
                                                  
l.218 }
       
? 

! Package pgfkeys Error: I do not know the key '/tikz/above1' and I am going to
 ignore it. Perhaps you misspelled it.

See the pgfkeys package documentation for explanation.
Type  H <return>  for immediate help.
 ...                                              
                                                  
l.244 }
       
? 
Missing character: There is no â in font cmti7!
Missing character: There is no € in font cmti7!
Missing character: There is no “ in font cmti7!

Package Fancyhdr Warning: \headheight is too small (12.0pt): 
 Make it at least 32.06807pt.
 We now make it that large for the rest of the document.
 This may cause the page layout to be inconsistent, however.

Missing character: There is no â in font cmti7!
Missing character: There is no € in font cmti7!
Missing character: There is no “ in font cmti7!
Missing character: There is no â in font cmti7!
Missing character: There is no € in font cmti7!
Missing character: There is no “ in font cmti7!
Missing character: There is no Ã in font cmti7!
Missing character: There is no ª in font cmti7!
Missing character: There is no â in font cmti7!
Missing character: There is no € in font cmti7!
Missing character: There is no “ in font cmti7!

Overfull \hbox (36.79134pt too wide) has occurred while \output is active
 []$[]$| 
 []

[5]

! LaTeX Error: File `plotcas.tex' not found.

Type X to quit or <RETURN> to proceed,
or enter new name. (Default extension: tex)

Enter file name: 

! Package graphics Error: Division by 0.

See the graphics package documentation for explanation.
Type  H <return>  for immediate help.
 ...                                              
                                                  
l.296   \input{plotcas.tex}}
                            
? 

Overfull \hbox (2.96397pt too wide) in paragraph at lines 300--304
[]\OT1/cmr/m/n/12 Na cons-tru^^Xc~ao do mo-delo considera-se pri-mei-ra-mente o
 caso de-ter-min^^S^^Pstico
 []

Missing character: There is no â in font cmti7!
Missing character: There is no € in font cmti7!
Missing character: There is no “ in font cmti7!

Package Fancyhdr Warning: \headheight is too small (12.0pt): 
 Make it at least 32.06807pt.
 We now make it that large for the rest of the document.
 This may cause the page layout to be inconsistent, however.

Missing character: There is no â in font cmti7!
Missing character: There is no € in font cmti7!
Missing character: There is no “ in font cmti7!
Missing character: There is no â in font cmti7!
Missing character: There is no € in font cmti7!
Missing character: There is no “ in font cmti7!
Missing character: There is no Ã in font cmti7!
Missing character: There is no ª in font cmti7!
Missing character: There is no â in font cmti7!
Missing character: There is no € in font cmti7!
Missing character: There is no “ in font cmti7!

Overfull \hbox (36.79134pt too wide) has occurred while \output is active
 []$[]$| 
 []

[6]
LaTeX Font Info:    Try loading font information for OMS+cmr on input line 311.

 (/usr/share/texlive/texmf-dist/tex/latex/base/omscmr.fd
File: omscmr.fd 2014/09/29 v2.5h Standard LaTeX font definitions
)
LaTeX Font Info:    Font shape `OMS/cmr/m/n' in size <12> not available
(Font)              Font shape `OMS/cmsy/m/n' tried instead on input line 311.
Missing character: There is no â in font cmti7!
Missing character: There is no € in font cmti7!
Missing character: There is no “ in font cmti7!


Package Fancyhdr Warning: \headheight is too small (12.0pt): 
 Make it at least 32.06807pt.
 We now make it that large for the rest of the document.
 This may cause the page layout to be inconsistent, however.

Missing character: There is no â in font cmti7!
Missing character: There is no € in font cmti7!
Missing character: There is no “ in font cmti7!
Missing character: There is no â in font cmti7!
Missing character: There is no € in font cmti7!
Missing character: There is no “ in font cmti7!
Missing character: There is no Ã in font cmti7!
Missing character: There is no ª in font cmti7!
Missing character: There is no â in font cmti7!
Missing character: There is no € in font cmti7!
Missing character: There is no “ in font cmti7!

Overfull \hbox (36.79134pt too wide) has occurred while \output is active
 []$[]$| 
 []

[7]

! Package amsmath Error: Multiple \label's: label 'p5' will be lost.

See the amsmath package documentation for explanation.
Type  H <return>  for immediate help.
 ...                                              
                                                  
l.371 \end{align*}
                  
? 

LaTeX Warning: Reference `p1' on page 8 undefined on input line 372.


! Package amsmath Error: Multiple \label's: label 'p6' will be lost.

See the amsmath package documentation for explanation.
Type  H <return>  for immediate help.
 ...                                              
                                                  
l.379 \end{align*}
                  
? 

! Package amsmath Error: Multiple \label's: label 'p7' will be lost.

See the amsmath package documentation for explanation.
Type  H <return>  for immediate help.
 ...                                              
                                                  
l.395 \end{align*}
                  }%
? 
Missing character: There is no â in font cmti7!
Missing character: There is no € in font cmti7!
Missing character: There is no “ in font cmti7!

Package Fancyhdr Warning: \headheight is too small (12.0pt): 
 Make it at least 32.06807pt.
 We now make it that large for the rest of the document.
 This may cause the page layout to be inconsistent, however.

Missing character: There is no â in font cmti7!
Missing character: There is no € in font cmti7!
Missing character: There is no “ in font cmti7!
Missing character: There is no â in font cmti7!
Missing character: There is no € in font cmti7!
Missing character: There is no “ in font cmti7!
Missing character: There is no Ã in font cmti7!
Missing character: There is no ª in font cmti7!
Missing character: There is no â in font cmti7!
Missing character: There is no € in font cmti7!
Missing character: There is no “ in font cmti7!

Overfull \hbox (36.79134pt too wide) has occurred while \output is active
 []$[]$| 
 []

[8]

! Package amsmath Error: Multiple \label's: label 'pd1' will be lost.

See the amsmath package documentation for explanation.
Type  H <return>  for immediate help.
 ...                                              
                                                  
l.410 	\end{align}
                  }%
? 
Missing character: There is no Ã in font cmr12!
Missing character: There is no ¡ in font cmr12!
Missing character: There is no â in font cmti7!
Missing character: There is no € in font cmti7!
Missing character: There is no “ in font cmti7!

Package Fancyhdr Warning: \headheight is too small (12.0pt): 
 Make it at least 32.06807pt.
 We now make it that large for the rest of the document.
 This may cause the page layout to be inconsistent, however.

Missing character: There is no â in font cmti7!
Missing character: There is no € in font cmti7!
Missing character: There is no “ in font cmti7!
Missing character: There is no â in font cmti7!
Missing character: There is no € in font cmti7!
Missing character: There is no “ in font cmti7!
Missing character: There is no Ã in font cmti7!
Missing character: There is no ª in font cmti7!
Missing character: There is no â in font cmti7!
Missing character: There is no € in font cmti7!
Missing character: There is no “ in font cmti7!

Overfull \hbox (36.79134pt too wide) has occurred while \output is active
 []$[]$| 
 []

[9]
Overfull \hbox (37.7535pt too wide) in paragraph at lines 451--451
|[]\OT1/cmr/bx/n/17.28 AN[]ALISE DO DES-PA-CHO HI-DROT[]ERMICO| 
 []


LaTeX Warning: File `simulacaopb01pt10.eps' not found on input line 470.

Package epstopdf Info: Source file: <simulacaopb01pt10.eps>
(epstopdf)             Output file: <simulacaopb01pt10-eps-converted-to.pdf>
(epstopdf)             Command: <repstopdf --outfile=simulacaopb01pt10-eps-conv
erted-to.pdf simulacaopb01pt10.eps>
(epstopdf)             \includegraphics on input line 470.
Package epstopdf Info: Output file is already uptodate.

! Package pdftex.def Error: File `simulacaopb01pt10-eps-converted-to.pdf' not f
ound.

See the pdftex.def package documentation for explanation.
Type  H <return>  for immediate help.
 ...                                              
                                                  
l.470 ...cm, height=4.0cm]{simulacaopb01pt10.eps}}
                                                  
? 

LaTeX Warning: File `simulacaopb01pt14.eps' not found on input line 472.

Package epstopdf Info: Source file: <simulacaopb01pt14.eps>
(epstopdf)             Output file: <simulacaopb01pt14-eps-converted-to.pdf>
(epstopdf)             Command: <repstopdf --outfile=simulacaopb01pt14-eps-conv
erted-to.pdf simulacaopb01pt14.eps>
(epstopdf)             \includegraphics on input line 472.
Package epstopdf Info: Output file is already uptodate.

! Package pdftex.def Error: File `simulacaopb01pt14-eps-converted-to.pdf' not f
ound.

See the pdftex.def package documentation for explanation.
Type  H <return>  for immediate help.
 ...                                              
                                                  
l.472 ...cm, height=4.0cm]{simulacaopb01pt14.eps}}
                                                  
? 

LaTeX Warning: File `simulacaopb01pt18.eps' not found on input line 474.

Package epstopdf Info: Source file: <simulacaopb01pt18.eps>
(epstopdf)             Output file: <simulacaopb01pt18-eps-converted-to.pdf>
(epstopdf)             Command: <repstopdf --outfile=simulacaopb01pt18-eps-conv
erted-to.pdf simulacaopb01pt18.eps>
(epstopdf)             \includegraphics on input line 474.
Package epstopdf Info: Output file is already uptodate.

! Package pdftex.def Error: File `simulacaopb01pt18-eps-converted-to.pdf' not f
ound.

See the pdftex.def package documentation for explanation.
Type  H <return>  for immediate help.
 ...                                              
                                                  
l.474 ...cm, height=4.0cm]{simulacaopb01pt18.eps}}
                                                  
? 

LaTeX Warning: File `zpb01pt10.eps' not found on input line 483.

Package epstopdf Info: Source file: <zpb01pt10.eps>
(epstopdf)             Output file: <zpb01pt10-eps-converted-to.pdf>
(epstopdf)             Command: <repstopdf --outfile=zpb01pt10-eps-converted-to
.pdf zpb01pt10.eps>
(epstopdf)             \includegraphics on input line 483.
Package epstopdf Info: Output file is already uptodate.

! Package pdftex.def Error: File `zpb01pt10-eps-converted-to.pdf' not found.

See the pdftex.def package documentation for explanation.
Type  H <return>  for immediate help.
 ...                                              
                                                  
l.483 ...idth=4.0cm, height=4.0cm]{zpb01pt10.eps}}
                                                  
? 

LaTeX Warning: File `zpb01pt14.eps' not found on input line 485.

Package epstopdf Info: Source file: <zpb01pt14.eps>
(epstopdf)             Output file: <zpb01pt14-eps-converted-to.pdf>
(epstopdf)             Command: <repstopdf --outfile=zpb01pt14-eps-converted-to
.pdf zpb01pt14.eps>
(epstopdf)             \includegraphics on input line 485.
Package epstopdf Info: Output file is already uptodate.

! Package pdftex.def Error: File `zpb01pt14-eps-converted-to.pdf' not found.

See the pdftex.def package documentation for explanation.
Type  H <return>  for immediate help.
 ...                                              
                                                  
l.485 ...idth=4.0cm, height=4.0cm]{zpb01pt14.eps}}
                                                  
? 

LaTeX Warning: File `zpb01pt18.eps' not found on input line 487.

Package epstopdf Info: Source file: <zpb01pt18.eps>
(epstopdf)             Output file: <zpb01pt18-eps-converted-to.pdf>
(epstopdf)             Command: <repstopdf --outfile=zpb01pt18-eps-converted-to
.pdf zpb01pt18.eps>
(epstopdf)             \includegraphics on input line 487.
Package epstopdf Info: Output file is already uptodate.

! Package pdftex.def Error: File `zpb01pt18-eps-converted-to.pdf' not found.

See the pdftex.def package documentation for explanation.
Type  H <return>  for immediate help.
 ...                                              
                                                  
l.487 ...idth=4.0cm, height=4.0cm]{zpb01pt18.eps}}
                                                  
? 
Missing character: There is no Ã in font cmr12!
Missing character: There is no § in font cmr12!
Missing character: There is no Ã in font cmr12!
Missing character: There is no £ in font cmr12!
Missing character: There is no Ã in font cmr12!
Missing character: There is no § in font cmr12!
Missing character: There is no Ã in font cmr12!
Missing character: There is no £ in font cmr12!
Missing character: There is no â in font cmti7!
Missing character: There is no € in font cmti7!
Missing character: There is no “ in font cmti7!

Package Fancyhdr Warning: \headheight is too small (12.0pt): 
 Make it at least 32.06807pt.
 We now make it that large for the rest of the document.
 This may cause the page layout to be inconsistent, however.

Missing character: There is no â in font cmti7!
Missing character: There is no € in font cmti7!
Missing character: There is no “ in font cmti7!
Missing character: There is no â in font cmti7!
Missing character: There is no € in font cmti7!
Missing character: There is no “ in font cmti7!
Missing character: There is no Ã in font cmti7!
Missing character: There is no ª in font cmti7!
Missing character: There is no â in font cmti7!
Missing character: There is no € in font cmti7!
Missing character: There is no “ in font cmti7!

Overfull \hbox (36.79134pt too wide) has occurred while \output is active
 []$[]$| 
 []

[10]
Missing character: There is no â in font cmti7!
Missing character: There is no € in font cmti7!
Missing character: There is no “ in font cmti7!


Package Fancyhdr Warning: \headheight is too small (12.0pt): 
 Make it at least 32.06807pt.
 We now make it that large for the rest of the document.
 This may cause the page layout to be inconsistent, however.

Missing character: There is no â in font cmti7!
Missing character: There is no € in font cmti7!
Missing character: There is no “ in font cmti7!
Missing character: There is no â in font cmti7!
Missing character: There is no € in font cmti7!
Missing character: There is no “ in font cmti7!
Missing character: There is no Ã in font cmti7!
Missing character: There is no ª in font cmti7!
Missing character: There is no â in font cmti7!
Missing character: There is no € in font cmti7!
Missing character: There is no “ in font cmti7!

Overfull \hbox (36.79134pt too wide) has occurred while \output is active
 []$[]$| 
 []

[11]

! LaTeX Error: File `grafo2.tex' not found.

Type X to quit or <RETURN> to proceed,
or enter new name. (Default extension: tex)

Enter file name: 
Missing character: There is no â in font cmti7!
Missing character: There is no € in font cmti7!
Missing character: There is no “ in font cmti7!

Package Fancyhdr Warning: \headheight is too small (12.0pt): 
 Make it at least 32.06807pt.
 We now make it that large for the rest of the document.
 This may cause the page layout to be inconsistent, however.

Missing character: There is no â in font cmti7!
Missing character: There is no € in font cmti7!
Missing character: There is no “ in font cmti7!
Missing character: There is no â in font cmti7!
Missing character: There is no € in font cmti7!
Missing character: There is no “ in font cmti7!
Missing character: There is no Ã in font cmti7!
Missing character: There is no ª in font cmti7!
Missing character: There is no â in font cmti7!
Missing character: There is no € in font cmti7!
Missing character: There is no “ in font cmti7!

Overfull \hbox (36.79134pt too wide) has occurred while \output is active
 []$[]$| 
 []

[12]
Missing character: There is no Ã in font cmr10!
Missing character: There is no © in font cmr10!
Missing character: There is no Ã in font cmr10!
Missing character: There is no ­ in font cmr10!
Missing character: There is no â in font cmti7!
Missing character: There is no € in font cmti7!
Missing character: There is no “ in font cmti7!


Package Fancyhdr Warning: \headheight is too small (12.0pt): 
 Make it at least 32.06807pt.
 We now make it that large for the rest of the document.
 This may cause the page layout to be inconsistent, however.

Missing character: There is no â in font cmti7!
Missing character: There is no € in font cmti7!
Missing character: There is no “ in font cmti7!
Missing character: There is no â in font cmti7!
Missing character: There is no € in font cmti7!
Missing character: There is no “ in font cmti7!
Missing character: There is no Ã in font cmti7!
Missing character: There is no ª in font cmti7!
Missing character: There is no â in font cmti7!
Missing character: There is no € in font cmti7!
Missing character: There is no “ in font cmti7!

Overfull \hbox (36.79134pt too wide) has occurred while \output is active
 []$[]$| 
 []

[13]
Missing character: There is no Ã in font cmr10!
Missing character: There is no © in font cmr10!

Overfull \hbox (103.16826pt too wide) in paragraph at lines 547--549
[]\OT1/cmr/m/n/10.95 Santos, J.B. Des-pa-cho Hi-drot^^Sermico de Ener-gia. Dis-
pon^^S^^Pvel em : https://github.com/Jeffreypir/Modela-
 []

Missing character: There is no â in font cmti7!
Missing character: There is no € in font cmti7!
Missing character: There is no “ in font cmti7!

Package Fancyhdr Warning: \headheight is too small (12.0pt): 
 Make it at least 32.06807pt.
 We now make it that large for the rest of the document.
 This may cause the page layout to be inconsistent, however.

Missing character: There is no â in font cmti7!
Missing character: There is no € in font cmti7!
Missing character: There is no “ in font cmti7!
Missing character: There is no â in font cmti7!
Missing character: There is no € in font cmti7!
Missing character: There is no “ in font cmti7!
Missing character: There is no Ã in font cmti7!
Missing character: There is no ª in font cmti7!
Missing character: There is no â in font cmti7!
Missing character: There is no € in font cmti7!
Missing character: There is no “ in font cmti7!

Overfull \hbox (36.79134pt too wide) has occurred while \output is active
 []$[]$| 
 []

[14]
! Undefined control sequence.
l.567 \keywords
               {\em{Power generation, Demand, Hydrothermal Model,
? 
Missing character: There is no â in font cmti7!
Missing character: There is no € in font cmti7!
Missing character: There is no “ in font cmti7!

Package Fancyhdr Warning: \headheight is too small (12.0pt): 
 Make it at least 32.06807pt.
 We now make it that large for the rest of the document.
 This may cause the page layout to be inconsistent, however.

Missing character: There is no â in font cmti7!
Missing character: There is no € in font cmti7!
Missing character: There is no “ in font cmti7!
Missing character: There is no â in font cmti7!
Missing character: There is no € in font cmti7!
Missing character: There is no “ in font cmti7!
Missing character: There is no Ã in font cmti7!
Missing character: There is no ª in font cmti7!
Missing character: There is no â in font cmti7!
Missing character: There is no € in font cmti7!
Missing character: There is no “ in font cmti7!

Overfull \hbox (36.79134pt too wide) has occurred while \output is active
 []$[]$| 
 []

[15] (./jeffersonartigo.aux)

LaTeX Font Warning: Size substitutions with differences
(Font)              up to 0.5pt have occurred.


LaTeX Warning: There were undefined references.

 ) 
Here is how much of TeX's memory you used:
 26921 strings out of 493013
 539053 string characters out of 6135681
 645303 words of memory out of 5000000
 30037 multiletter control sequences out of 15000+600000
 22636 words of font info for 85 fonts, out of 8000000 for 9000
 1141 hyphenation exceptions out of 8191
 55i,19n,57p,10388b,682s stack positions out of 5000i,500n,10000p,200000b,80000s
{/usr/share/texlive/texmf-dist/fonts/enc/dvips/base/8r.enc}</usr/share/texliv
e/texmf-dist/fonts/type1/public/amsfonts/cm/cmbx10.pfb></usr/share/texlive/texm
f-dist/fonts/type1/public/amsfonts/cm/cmbx12.pfb></usr/share/texlive/texmf-dist
/fonts/type1/public/amsfonts/cm/cmex10.pfb></usr/share/texlive/texmf-dist/fonts
/type1/public/amsfonts/cm/cmmi12.pfb></usr/share/texlive/texmf-dist/fonts/type1
/public/amsfonts/cm/cmmi6.pfb></usr/share/texlive/texmf-dist/fonts/type1/public
/amsfonts/cm/cmmi8.pfb></usr/share/texlive/texmf-dist/fonts/type1/public/amsfon
ts/cm/cmr10.pfb></usr/share/texlive/texmf-dist/fonts/type1/public/amsfonts/cm/c
mr12.pfb></usr/share/texlive/texmf-dist/fonts/type1/public/amsfonts/cm/cmr17.pf
b></usr/share/texlive/texmf-dist/fonts/type1/public/amsfonts/cm/cmr6.pfb></usr/
share/texlive/texmf-dist/fonts/type1/public/amsfonts/cm/cmr7.pfb></usr/share/te
xlive/texmf-dist/fonts/type1/public/amsfonts/cm/cmr8.pfb></usr/share/texlive/te
xmf-dist/fonts/type1/public/amsfonts/cm/cmsy10.pfb></usr/share/texlive/texmf-di
st/fonts/type1/public/amsfonts/cm/cmsy8.pfb></usr/share/texlive/texmf-dist/font
s/type1/public/amsfonts/cm/cmti10.pfb></usr/share/texlive/texmf-dist/fonts/type
1/public/amsfonts/cm/cmti12.pfb></usr/share/texlive/texmf-dist/fonts/type1/publ
ic/amsfonts/cm/cmti7.pfb></usr/share/texlive/texmf-dist/fonts/type1/public/amsf
onts/cm/cmtt12.pfb></usr/share/texlive/texmf-dist/fonts/type1/public/amsfonts/s
ymbols/msbm10.pfb></usr/share/texlive/texmf-dist/fonts/type1/urw/helvetic/uhvb8
a.pfb>
Output written on jeffersonartigo.pdf (15 pages, 263714 bytes).
PDF statistics:
 137 PDF objects out of 1000 (max. 8388607)
 99 compressed objects within 1 object stream
 0 named destinations out of 1000 (max. 500000)
 13 words of extra memory for PDF output out of 10000 (max. 10000000)

